Added Component: Designator=C1(CAPC0402(1005)60_M)
Added Component: Designator=C2(CAPC0402(1005)60_M)
Added Component: Designator=C3(CAPC0402(1005)60_M)
Added Component: Designator=C4(CAPC0402(1005)60_M)
Added Component: Designator=C5(CAPC0402(1005)60_M)
Added Component: Designator=C6(CAPC0402(1005)60_M)
Added Component: Designator=C7(CAPC0402(1005)60_M)
Added Component: Designator=C8(CAPC0402(1005)60_M)
Added Component: Designator=J1(CON-SMA-EDGE031L)
Added Component: Designator=J2(CON-SMA-L)
Added Component: Designator=J3(CON-SMA-L)
Added Component: Designator=J4(CON-SMA-EDGE031L)
Added Component: Designator=J5(CON-SMA-L)
Added Component: Designator=J6(CON-SMA-L)
Added Component: Designator=L1(MURA-IND0402_V)
Added Component: Designator=L2(MURA-IND0402_V)
Added Component: Designator=L3(MURA-IND0402_V)
Added Component: Designator=L4(MURA-IND0402_V)
Added Component: Designator=L5(MURA-IND0402_V)
Added Component: Designator=L6(MURA-IND0402_V)
Added Pin To Net: NetName=GND Pin=C1-2
Added Pin To Net: NetName=GND Pin=C3-2
Added Pin To Net: NetName=GND Pin=C5-2
Added Pin To Net: NetName=GND Pin=C7-2
Added Pin To Net: NetName=GND Pin=J1-2
Added Pin To Net: NetName=GND Pin=J1-3
Added Pin To Net: NetName=GND Pin=J1-4
Added Pin To Net: NetName=GND Pin=J1-5
Added Pin To Net: NetName=GND Pin=J2-2
Added Pin To Net: NetName=GND Pin=J2-3
Added Pin To Net: NetName=GND Pin=J2-4
Added Pin To Net: NetName=GND Pin=J2-5
Added Pin To Net: NetName=GND Pin=J3-2
Added Pin To Net: NetName=GND Pin=J3-3
Added Pin To Net: NetName=GND Pin=J3-4
Added Pin To Net: NetName=GND Pin=J3-5
Added Pin To Net: NetName=GND Pin=J4-2
Added Pin To Net: NetName=GND Pin=J4-3
Added Pin To Net: NetName=GND Pin=J4-4
Added Pin To Net: NetName=GND Pin=J4-5
Added Pin To Net: NetName=GND Pin=J5-2
Added Pin To Net: NetName=GND Pin=J5-3
Added Pin To Net: NetName=GND Pin=J5-4
Added Pin To Net: NetName=GND Pin=J5-5
Added Pin To Net: NetName=GND Pin=J6-2
Added Pin To Net: NetName=GND Pin=J6-3
Added Pin To Net: NetName=GND Pin=J6-4
Added Pin To Net: NetName=GND Pin=J6-5
Added Pin To Net: NetName=GND Pin=L2-2
Added Pin To Net: NetName=GND Pin=L5-2
Added Net: Name=GND
Added Pin To Net: NetName=NetC1_1 Pin=C1-1
Added Pin To Net: NetName=NetC1_1 Pin=C2-1
Added Pin To Net: NetName=NetC1_1 Pin=J1-1
Added Pin To Net: NetName=NetC1_1 Pin=L1-1
Added Net: Name=NetC1_1
Added Pin To Net: NetName=NetC2_2 Pin=C2-2
Added Pin To Net: NetName=NetC2_2 Pin=C4-1
Added Pin To Net: NetName=NetC2_2 Pin=L2-1
Added Net: Name=NetC2_2
Added Pin To Net: NetName=NetC3_1 Pin=C3-1
Added Pin To Net: NetName=NetC3_1 Pin=J2-1
Added Pin To Net: NetName=NetC3_1 Pin=L1-2
Added Pin To Net: NetName=NetC3_1 Pin=L3-1
Added Net: Name=NetC3_1
Added Pin To Net: NetName=NetC4_2 Pin=C4-2
Added Pin To Net: NetName=NetC4_2 Pin=J3-1
Added Pin To Net: NetName=NetC4_2 Pin=L3-2
Added Net: Name=NetC4_2
Added Pin To Net: NetName=NetC5_1 Pin=C5-1
Added Pin To Net: NetName=NetC5_1 Pin=C6-1
Added Pin To Net: NetName=NetC5_1 Pin=J4-1
Added Pin To Net: NetName=NetC5_1 Pin=L4-1
Added Net: Name=NetC5_1
Added Pin To Net: NetName=NetC6_2 Pin=C6-2
Added Pin To Net: NetName=NetC6_2 Pin=C8-1
Added Pin To Net: NetName=NetC6_2 Pin=L5-1
Added Net: Name=NetC6_2
Added Pin To Net: NetName=NetC7_1 Pin=C7-1
Added Pin To Net: NetName=NetC7_1 Pin=J5-1
Added Pin To Net: NetName=NetC7_1 Pin=L4-2
Added Pin To Net: NetName=NetC7_1 Pin=L6-1
Added Net: Name=NetC7_1
Added Pin To Net: NetName=NetC8_2 Pin=C8-2
Added Pin To Net: NetName=NetC8_2 Pin=J6-1
Added Pin To Net: NetName=NetC8_2 Pin=L6-2
Added Net: Name=NetC8_2
Added Class: Name=xdip_matching_balun
Added Room: Name=xdip_matching_balun
